<?xml version="1.0" encoding="UTF-8"?>
<!-- Generated by org.testng.reporters.JUnitReportReporter -->
<testsuite skipped="0" hostname="Khosuzs-MBP.lan" name="com.test.InteractiveDocuments" tests="6" failures="0" timestamp="2021-02-01T20:43:29 EST" time="3.083" errors="0">
  <testcase name="test_get01" time="1.697" classname="com.test.InteractiveDocuments"/>
  <system-out/>
  <testcase name="test_Post" time="0.443" classname="com.test.InteractiveDocuments"/>
  <system-out/>
  <testcase name="test_get02" time="0.694" classname="com.test.InteractiveDocuments"/>
  <system-out/>
  <testcase name="test_PUT" time="0.075" classname="com.test.InteractiveDocuments"/>
  <system-out/>
  <testcase name="test_get03" time="0.136" classname="com.test.InteractiveDocuments"/>
  <system-out/>
  <testcase name="test_DELETE" time="0.038" classname="com.test.InteractiveDocuments"/>
  <system-out/>
</testsuite> <!-- com.test.InteractiveDocuments -->
